<?xml version="1.0" encoding="UTF-8"?>
<testng-results skipped="0" failed="1" total="1" passed="0">
  <reporter-output>
  </reporter-output>
  <suite name="STAGE" duration-ms="162703" started-at="2017-04-04T08:49:35Z" finished-at="2017-04-04T08:52:18Z">
    <groups>
    </groups>
    <test name="MC-STAGE: Test execution on Internet Explorer" duration-ms="162703" started-at="2017-04-04T08:49:35Z" finished-at="2017-04-04T08:52:18Z">
      <class name="com.dss.app.test.isologin.TestExecutor">
        <test-method status="PASS" signature="suiteSetUp(org.testng.ITestContext)[pri:0, instance:com.dss.app.test.isologin.TestExecutor@13fee20c]" name="suiteSetUp" is-config="true" duration-ms="496" started-at="2017-04-04T14:19:34Z" finished-at="2017-04-04T14:19:35Z">
          <params>
            <param index="0">
              <value>
                <![CDATA[org.testng.TestRunner@221af3c0]]>
              </value>
            </param>
          </params>
          <reporter-output>
          </reporter-output>
        </test-method> <!-- suiteSetUp -->
        <test-method status="PASS" signature="testSetUp(java.lang.String)[pri:0, instance:com.dss.app.test.isologin.TestExecutor@13fee20c]" name="testSetUp" is-config="true" duration-ms="44" started-at="2017-04-04T14:19:35Z" finished-at="2017-04-04T14:19:35Z">
          <params>
            <param index="0">
              <value>
                <![CDATA[chrome]]>
              </value>
            </param>
          </params>
          <reporter-output>
          </reporter-output>
        </test-method> <!-- testSetUp -->
        <test-method status="PASS" signature="methodSetUp(java.lang.String, java.lang.String, java.lang.String, java.lang.reflect.Method, org.testng.ITestContext)[pri:0, instance:com.dss.app.test.isologin.TestExecutor@13fee20c]" name="methodSetUp" is-config="true" duration-ms="76462" started-at="2017-04-04T14:19:35Z" finished-at="2017-04-04T14:20:52Z">
          <params>
            <param index="0">
              <value>
                <![CDATA[chrome]]>
              </value>
            </param>
            <param index="1">
              <value>
                <![CDATA[WINDOWS]]>
              </value>
            </param>
            <param index="2">
              <value>
                <![CDATA[http://nguxbeta:nguxtr!b@ngux.latimes.stage.tribdev.com]]>
              </value>
            </param>
            <param index="3">
              <value>
                <![CDATA[public void com.dss.app.test.isologin.TestExecutor.SSO_Login_With_Gmail_First_Time_Login() throws java.lang.InterruptedException,java.io.IOException]]>
              </value>
            </param>
            <param index="4">
              <value>
                <![CDATA[org.testng.TestRunner@221af3c0]]>
              </value>
            </param>
          </params>
          <reporter-output>
          </reporter-output>
        </test-method> <!-- methodSetUp -->
        <test-method status="FAIL" signature="SSO_Login_With_Gmail_First_Time_Login()[pri:0, instance:com.dss.app.test.isologin.TestExecutor@13fee20c]" name="SSO_Login_With_Gmail_First_Time_Login" duration-ms="82266" started-at="2017-04-04T14:20:52Z" finished-at="2017-04-04T14:22:14Z">
          <exception class="org.openqa.selenium.NoSuchElementException">
            <message>
              <![CDATA[no such element: Unable to locate element: {"method":"name","selector":"zipCode"}
  (Session info: chrome=57.0.2987.98)
  (Driver info: chromedriver=2.28.455520 (cc17746adff54984afff480136733114c6b3704b),platform=Windows NT 6.1.7601 SP1 x86_64) (WARNING: The server did not provide any stacktrace information)
Command duration or timeout: 10.57 seconds
For documentation on this error, please visit: http://seleniumhq.org/exceptions/no_such_element.html
Build info: version: '3.0.1', revision: '1969d75', time: '2016-10-18 09:49:13 -0700'
System info: host: 'U2-DPE-CPB-0111', ip: '10.10.121.77', os.name: 'Windows 7', os.arch: 'amd64', os.version: '6.1', java.version: '1.8.0_20'
Driver info: org.openqa.selenium.remote.RemoteWebDriver
Capabilities [{applicationCacheEnabled=false, rotatable=false, networkConnectionEnabled=false, mobileEmulationEnabled=false, chrome={chromedriverVersion=2.28.455520 (cc17746adff54984afff480136733114c6b3704b), userDataDir=C:\Users\ADMINI~1\AppData\Local\Temp\scoped_dir1988_1391}, takesHeapSnapshot=true, pageLoadStrategy=normal, hasMetadata=true, hasTouchScreen=false, handlesAlerts=true, databaseEnabled=false, version=57.0.2987.98, platform=XP, browserConnectionEnabled=false, nativeEvents=true, acceptSslCerts=true, webdriver.remote.sessionid=a614dea5a79d4223993a5c5569d2816a, locationContextEnabled=true, webStorageEnabled=true, takesScreenshot=true, browserName=chrome, javascriptEnabled=true, cssSelectorsEnabled=true, unexpectedAlertBehaviour=}]
Session ID: a614dea5a79d4223993a5c5569d2816a
*** Element info: {Using=name, value=zipCode}]]>
            </message>
            <full-stacktrace>
              <![CDATA[org.openqa.selenium.NoSuchElementException: no such element: Unable to locate element: {"method":"name","selector":"zipCode"}
  (Session info: chrome=57.0.2987.98)
  (Driver info: chromedriver=2.28.455520 (cc17746adff54984afff480136733114c6b3704b),platform=Windows NT 6.1.7601 SP1 x86_64) (WARNING: The server did not provide any stacktrace information)
Command duration or timeout: 10.57 seconds
For documentation on this error, please visit: http://seleniumhq.org/exceptions/no_such_element.html
Build info: version: '3.0.1', revision: '1969d75', time: '2016-10-18 09:49:13 -0700'
System info: host: 'U2-DPE-CPB-0111', ip: '10.10.121.77', os.name: 'Windows 7', os.arch: 'amd64', os.version: '6.1', java.version: '1.8.0_20'
Driver info: org.openqa.selenium.remote.RemoteWebDriver
Capabilities [{applicationCacheEnabled=false, rotatable=false, networkConnectionEnabled=false, mobileEmulationEnabled=false, chrome={chromedriverVersion=2.28.455520 (cc17746adff54984afff480136733114c6b3704b), userDataDir=C:\Users\ADMINI~1\AppData\Local\Temp\scoped_dir1988_1391}, takesHeapSnapshot=true, pageLoadStrategy=normal, hasMetadata=true, hasTouchScreen=false, handlesAlerts=true, databaseEnabled=false, version=57.0.2987.98, platform=XP, browserConnectionEnabled=false, nativeEvents=true, acceptSslCerts=true, webdriver.remote.sessionid=a614dea5a79d4223993a5c5569d2816a, locationContextEnabled=true, webStorageEnabled=true, takesScreenshot=true, browserName=chrome, javascriptEnabled=true, cssSelectorsEnabled=true, unexpectedAlertBehaviour=}]
Session ID: a614dea5a79d4223993a5c5569d2816a
*** Element info: {Using=name, value=zipCode}
	at sun.reflect.NativeConstructorAccessorImpl.newInstance0(Native Method)
	at sun.reflect.NativeConstructorAccessorImpl.newInstance(NativeConstructorAccessorImpl.java:62)
	at sun.reflect.DelegatingConstructorAccessorImpl.newInstance(DelegatingConstructorAccessorImpl.java:45)
	at java.lang.reflect.Constructor.newInstance(Constructor.java:408)
	at org.openqa.selenium.remote.ErrorHandler.createThrowable(ErrorHandler.java:216)
	at org.openqa.selenium.remote.ErrorHandler.throwIfResponseFailed(ErrorHandler.java:168)
	at org.openqa.selenium.remote.RemoteWebDriver.execute(RemoteWebDriver.java:635)
	at org.openqa.selenium.remote.RemoteWebDriver.findElement(RemoteWebDriver.java:368)
	at org.openqa.selenium.remote.RemoteWebDriver.findElementByName(RemoteWebDriver.java:449)
	at org.openqa.selenium.By$ByName.findElement(By.java:303)
	at org.openqa.selenium.remote.RemoteWebDriver.findElement(RemoteWebDriver.java:360)
	at org.openqa.selenium.support.pagefactory.DefaultElementLocator.findElement(DefaultElementLocator.java:69)
	at org.openqa.selenium.support.pagefactory.internal.LocatingElementHandler.invoke(LocatingElementHandler.java:38)
	at com.sun.proxy.$Proxy11.clear(Unknown Source)
	at com.dss.app.coreutilities.CoreUtility.enterData(CoreUtility.java:41)
	at com.dss.app.pageobject.HomePageObject.enterZipcodeOnInterceptPanel(HomePageObject.java:137)
	at com.dss.app.test.isologin.TestExecutor.SSO_Login_With_Gmail_First_Time_Login(TestExecutor.java:120)
	at sun.reflect.NativeMethodAccessorImpl.invoke0(Native Method)
	at sun.reflect.NativeMethodAccessorImpl.invoke(NativeMethodAccessorImpl.java:62)
	at sun.reflect.DelegatingMethodAccessorImpl.invoke(DelegatingMethodAccessorImpl.java:43)
	at java.lang.reflect.Method.invoke(Method.java:483)
	at org.testng.internal.MethodInvocationHelper.invokeMethod(MethodInvocationHelper.java:86)
	at org.testng.internal.Invoker.invokeMethod(Invoker.java:645)
	at org.testng.internal.Invoker.invokeTestMethod(Invoker.java:822)
	at org.testng.internal.Invoker.invokeTestMethods(Invoker.java:1130)
	at org.testng.internal.TestMethodWorker.invokeTestMethods(TestMethodWorker.java:129)
	at org.testng.internal.TestMethodWorker.run(TestMethodWorker.java:112)
	at org.testng.TestRunner.privateRun(TestRunner.java:782)
	at org.testng.TestRunner.run(TestRunner.java:632)
	at org.testng.SuiteRunner.runTest(SuiteRunner.java:366)
	at org.testng.SuiteRunner.access$000(SuiteRunner.java:39)
	at org.testng.SuiteRunner$SuiteWorker.run(SuiteRunner.java:400)
	at org.testng.internal.thread.ThreadUtil$2.call(ThreadUtil.java:64)
	at java.util.concurrent.FutureTask.run(FutureTask.java:266)
	at java.util.concurrent.ThreadPoolExecutor.runWorker(ThreadPoolExecutor.java:1142)
	at java.util.concurrent.ThreadPoolExecutor$Worker.run(ThreadPoolExecutor.java:617)
	at java.lang.Thread.run(Thread.java:745)
]]>
            </full-stacktrace>
          </exception> <!-- org.openqa.selenium.NoSuchElementException -->
          <reporter-output>
          </reporter-output>
        </test-method> <!-- SSO_Login_With_Gmail_First_Time_Login -->
        <test-method status="PASS" signature="methodTearDown(org.testng.ITestResult)[pri:0, instance:com.dss.app.test.isologin.TestExecutor@13fee20c]" name="methodTearDown" is-config="true" duration-ms="3854" started-at="2017-04-04T14:22:14Z" finished-at="2017-04-04T14:22:18Z">
          <params>
            <param index="0">
              <value>
                <![CDATA[[TestResult name=SSO_Login_With_Gmail_First_Time_Login status=FAILURE method=TestExecutor.SSO_Login_With_Gmail_First_Time_Login()[pri:0, instance:com.dss.app.test.isologin.TestExecutor@13fee20c] output={null}]]]>
              </value>
            </param>
          </params>
          <reporter-output>
          </reporter-output>
        </test-method> <!-- methodTearDown -->
        <test-method status="PASS" signature="testTearDown(org.testng.ITestContext)[pri:0, instance:com.dss.app.test.isologin.TestExecutor@13fee20c]" name="testTearDown" is-config="true" duration-ms="19" started-at="2017-04-04T14:22:18Z" finished-at="2017-04-04T14:22:18Z">
          <params>
            <param index="0">
              <value>
                <![CDATA[org.testng.TestRunner@221af3c0]]>
              </value>
            </param>
          </params>
          <reporter-output>
          </reporter-output>
        </test-method> <!-- testTearDown -->
        <test-method status="PASS" signature="suiteTearDown()[pri:0, instance:com.dss.app.test.isologin.TestExecutor@13fee20c]" name="suiteTearDown" is-config="true" duration-ms="177" started-at="2017-04-04T14:22:18Z" finished-at="2017-04-04T14:22:18Z">
          <reporter-output>
          </reporter-output>
        </test-method> <!-- suiteTearDown -->
      </class> <!-- com.dss.app.test.isologin.TestExecutor -->
    </test> <!-- MC-STAGE: Test execution on Internet Explorer -->
  </suite> <!-- STAGE -->
</testng-results>
